Running on pax007
Started at Thu Mar 26 04:06:05 EDT 2026
Using Python: /cluster/home/smalla01/.conda/envs/cs137-cnn/bin/python
Python 3.10.20
Thu Mar 26 04:06:05 2026       
+-----------------------------------------------------------------------------------------+
| NVIDIA-SMI 575.57.08              Driver Version: 575.57.08      CUDA Version: 12.9     |
|-----------------------------------------+------------------------+----------------------+
| GPU  Name                 Persistence-M | Bus-Id          Disp.A | Volatile Uncorr. ECC |
| Fan  Temp   Perf          Pwr:Usage/Cap |           Memory-Usage | GPU-Util  Compute M. |
|                                         |                        |               MIG M. |
|=========================================+========================+======================|
|   0  NVIDIA A100 80GB PCIe          On  |   00000000:D6:00.0 Off |                    0 |
| N/A   35C    P0             54W /  300W |       0MiB /  81920MiB |      0%      Default |
|                                         |                        |             Disabled |
+-----------------------------------------+------------------------+----------------------+
                                                                                         
+-----------------------------------------------------------------------------------------+
| Processes:                                                                              |
|  GPU   GI   CI              PID   Type   Process name                        GPU Memory |
|        ID   ID                                                               Usage      |
|=========================================================================================|
|  No running processes found                                                             |
+-----------------------------------------------------------------------------------------+
torch: 2.10.0+cu128
cuda available: True
gpu count: 1
Loading metadata from /cluster/tufts/c26sp1cs0137/data/assignment2_data/dataset/metadata.pt
Loading targets from /cluster/tufts/c26sp1cs0137/data/assignment2_data/dataset/targets.pt
Preparing train/val/test folds using 2018-2024 data only...
Found 26256 candidate samples from 2018-2024
Loading valid indices from cache...
Valid samples: train_val=14496, test=3625
Total valid train/val samples after filtering: 14496
Train samples: 11596
Val   samples: 2900
Test  samples: 3625
Train/val years represented: [2018, 2019, 2020, 2021]
Test years represented: [2018, 2019, 2020, 2021]
Computing input normalization stats from training subset...
Input mean: [282.34832763671875, 74.50370025634766, 1.117093801498413, 0.69185870885849, 8.049201965332031]... (showing first 5)
Input std: [12.31107234954834, 17.064502716064453, 4.065976142883301, 3.6758921146392822, 4.883975505828857]... (showing first 5)
Saved normalization stats to normalization_stats.pt
Using device: cuda
Early stopping disabled
Epoch 1/2: train loss = nan
  Val RMSE (each var): [nan, nan, nan, nan, nan, nan]
  Val APCP>2mm RMSE: nan, AUC: 0.5000
Epoch 2/2: train loss = nan
  Val RMSE (each var): [nan, nan, nan, nan, nan, nan]
  Val APCP>2mm RMSE: nan, AUC: 0.5000
Training complete.
Best validation RMSE: inf
Skipping test evaluation as requested.
Metrics history saved to training_metrics.json
Finished at Thu Mar 26 04:32:13 EDT 2026
